# JRE version: Java(TM) SE Runtime Environment (8.0_05-b13) (build 1.8.0_05-b13)
# Java VM: Java HotSpot(TM) 64-Bit Server VM (25.5-b02 mixed mode windows-amd64 compressed oops)
Heap:
 def new generation   total 1152K, used 544K [0x00000000a2400000, 0x00000000a2540000, 0x00000000c1800000)
  eden space 1024K,  40% used [0x00000000a2400000, 0x00000000a2468030, 0x00000000a2500000)
  from space 128K,  99% used [0x00000000a2500000, 0x00000000a251fff0, 0x00000000a2520000)
  to   space 128K,   0% used [0x00000000a2520000, 0x00000000a2520000, 0x00000000a2540000)
 tenured generation   total 258816K, used 4327K [0x00000000c1800000, 0x00000000d14c0000, 0x0000000100000000)
   the space 258816K,   1% used [0x00000000c1800000, 0x00000000c1c39ff0, 0x00000000c1c3a000, 0x00000000d14c0000)
 Metaspace       used 8474K, capacity 8672K, committed 8832K, reserved 1056768K
  class space    used 1002K, capacity 1056K, committed 1152K, reserved 1048576K
GC Heap History (10 events):
Event: 0.434 GC heap before
{Heap before GC invocations=31 (full 0):
 def new generation   total 1152K, used 1147K [0x00000000a2400000, 0x00000000a2540000, 0x00000000c1800000)
  eden space 1024K,  99% used [0x00000000a2400000, 0x00000000a24fecc8, 0x00000000a2500000)
  from space 128K,  99% used [0x00000000a2520000, 0x00000000a253fff0, 0x00000000a2540000)
  to   space 128K,   0% used [0x00000000a2500000, 0x00000000a2500000, 0x00000000a2520000)
 tenured generation   total 258816K, used 4096K [0x00000000c1800000, 0x00000000d14c0000, 0x0000000100000000)
   the space 258816K,   1% used [0x00000000c1800000, 0x00000000c1c00090, 0x00000000c1c00200, 0x00000000d14c0000)
 Metaspace       used 7319K, capacity 7552K, committed 7552K, reserved 1056768K
  class space    used 816K, capacity 896K, committed 896K, reserved 1048576K
Event: 0.434 GC heap after
Heap after GC invocations=32 (full 0):
 def new generation   total 1152K, used 127K [0x00000000a2400000, 0x00000000a2540000, 0x00000000c1800000)
  eden space 1024K,   0% used [0x00000000a2400000, 0x00000000a2400000, 0x00000000a2500000)
  from space 128K,  99% used [0x00000000a2500000, 0x00000000a251fff0, 0x00000000a2520000)
  to   space 128K,   0% used [0x00000000a2520000, 0x00000000a2520000, 0x00000000a2540000)
 tenured generation   total 258816K, used 4172K [0x00000000c1800000, 0x00000000d14c0000, 0x0000000100000000)
   the space 258816K,   1% used [0x00000000c1800000, 0x00000000c1c13220, 0x00000000c1c13400, 0x00000000d14c0000)
 Metaspace       used 7319K, capacity 7552K, committed 7552K, reserved 1056768K
  class space    used 816K, capacity 896K, committed 896K, reserved 1048576K
}
Event: 0.442 GC heap before
{Heap before GC invocations=32 (full 0):
 def new generation   total 1152K, used 1151K [0x00000000a2400000, 0x00000000a2540000, 0x00000000c1800000)
  eden space 1024K, 100% used [0x00000000a2400000, 0x00000000a2500000, 0x00000000a2500000)
  from space 128K,  99% used [0x00000000a2500000, 0x00000000a251fff0, 0x00000000a2520000)
  to   space 128K,   0% used [0x00000000a2520000, 0x00000000a2520000, 0x00000000a2540000)
 tenured generation   total 258816K, used 4172K [0x00000000c1800000, 0x00000000d14c0000, 0x0000000100000000)
   the space 258816K,   1% used [0x00000000c1800000, 0x00000000c1c13220, 0x00000000c1c13400, 0x00000000d14c0000)
 Metaspace       used 7645K, capacity 7808K, committed 7808K, reserved 1056768K
  class space    used 852K, capacity 896K, committed 896K, reserved 1048576K
Event: 0.442 GC heap after
Heap after GC invocations=33 (full 0):
 def new generation   total 1152K, used 127K [0x00000000a2400000, 0x00000000a2540000, 0x00000000c1800000)
  eden space 1024K,   0% used [0x00000000a2400000, 0x00000000a2400000, 0x00000000a2500000)
  from space 128K,  99% used [0x00000000a2520000, 0x00000000a253ffe8, 0x00000000a2540000)
  to   space 128K,   0% used [0x00000000a2500000, 0x00000000a2500000, 0x00000000a2520000)
 tenured generation   total 258816K, used 4215K [0x00000000c1800000, 0x00000000d14c0000, 0x0000000100000000)
   the space 258816K,   1% used [0x00000000c1800000, 0x00000000c1c1dfa8, 0x00000000c1c1e000, 0x00000000d14c0000)
 Metaspace       used 7645K, capacity 7808K, committed 7808K, reserved 1056768K
  class space    used 852K, capacity 896K, committed 896K, reserved 1048576K
}
Event: 0.454 GC heap before
{Heap before GC invocations=33 (full 0):
 def new generation   total 1152K, used 1151K [0x00000000a2400000, 0x00000000a2540000, 0x00000000c1800000)
  eden space 1024K, 100% used [0x00000000a2400000, 0x00000000a2500000, 0x00000000a2500000)
  from space 128K,  99% used [0x00000000a2520000, 0x00000000a253ffe8, 0x00000000a2540000)
  to   space 128K,   0% used [0x00000000a2500000, 0x00000000a2500000, 0x00000000a2520000)
 tenured generation   total 258816K, used 4215K [0x00000000c1800000, 0x00000000d14c0000, 0x0000000100000000)
   the space 258816K,   1% used [0x00000000c1800000, 0x00000000c1c1dfa8, 0x00000000c1c1e000, 0x00000000d14c0000)
 Metaspace       used 8155K, capacity 8352K, committed 8448K, reserved 1056768K
  class space    used 927K, capacity 992K, committed 1024K, reserved 1048576K
Event: 0.455 GC heap after
Heap after GC invocations=34 (full 0):
 def new generation   total 1152K, used 127K [0x00000000a2400000, 0x00000000a2540000, 0x00000000c1800000)
  eden space 1024K,   0% used [0x00000000a2400000, 0x00000000a2400000, 0x00000000a2500000)
  from space 128K,  99% used [0x00000000a2500000, 0x00000000a251ff28, 0x00000000a2520000)
  to   space 128K,   0% used [0x00000000a2520000, 0x00000000a2520000, 0x00000000a2540000)
 tenured generation   total 258816K, used 4245K [0x00000000c1800000, 0x00000000d14c0000, 0x0000000100000000)
   the space 258816K,   1% used [0x00000000c1800000, 0x00000000c1c25740, 0x00000000c1c25800, 0x00000000d14c0000)
 Metaspace       used 8155K, capacity 8352K, committed 8448K, reserved 1056768K
  class space    used 927K, capacity 992K, committed 1024K, reserved 1048576K
}
Event: 0.462 GC heap before
{Heap before GC invocations=34 (full 0):
 def new generation   total 1152K, used 1151K [0x00000000a2400000, 0x00000000a2540000, 0x00000000c1800000)
  eden space 1024K, 100% used [0x00000000a2400000, 0x00000000a2500000, 0x00000000a2500000)
  from space 128K,  99% used [0x00000000a2500000, 0x00000000a251ff28, 0x00000000a2520000)
  to   space 128K,   0% used [0x00000000a2520000, 0x00000000a2520000, 0x00000000a2540000)
 tenured generation   total 258816K, used 4245K [0x00000000c1800000, 0x00000000d14c0000, 0x0000000100000000)
   the space 258816K,   1% used [0x00000000c1800000, 0x00000000c1c25740, 0x00000000c1c25800, 0x00000000d14c0000)
 Metaspace       used 8284K, capacity 8512K, committed 8704K, reserved 1056768K
  class space    used 953K, capacity 1024K, committed 1024K, reserved 1048576K
Event: 0.463 GC heap after
Heap after GC invocations=35 (full 0):
 def new generation   total 1152K, used 121K [0x00000000a2400000, 0x00000000a2540000, 0x00000000c1800000)
  eden space 1024K,   0% used [0x00000000a2400000, 0x00000000a2400000, 0x00000000a2500000)
  from space 128K,  95% used [0x00000000a2520000, 0x00000000a253e770, 0x00000000a2540000)
  to   space 128K,   0% used [0x00000000a2500000, 0x00000000a2500000, 0x00000000a2520000)
 tenured generation   total 258816K, used 4302K [0x00000000c1800000, 0x00000000d14c0000, 0x0000000100000000)
   the space 258816K,   1% used [0x00000000c1800000, 0x00000000c1c33af8, 0x00000000c1c33c00, 0x00000000d14c0000)
 Metaspace       used 8284K, capacity 8512K, committed 8704K, reserved 1056768K
  class space    used 953K, capacity 1024K, committed 1024K, reserved 1048576K
}
Event: 0.469 GC heap before
{Heap before GC invocations=35 (full 0):
 def new generation   total 1152K, used 1145K [0x00000000a2400000, 0x00000000a2540000, 0x00000000c1800000)
  eden space 1024K, 100% used [0x00000000a2400000, 0x00000000a2500000, 0x00000000a2500000)
  from space 128K,  95% used [0x00000000a2520000, 0x00000000a253e770, 0x00000000a2540000)
  to   space 128K,   0% used [0x00000000a2500000, 0x00000000a2500000, 0x00000000a2520000)
 tenured generation   total 258816K, used 4302K [0x00000000c1800000, 0x00000000d14c0000, 0x0000000100000000)
   the space 258816K,   1% used [0x00000000c1800000, 0x00000000c1c33af8, 0x00000000c1c33c00, 0x00000000d14c0000)
 Metaspace       used 8390K, capacity 8608K, committed 8832K, reserved 1056768K
  class space    used 983K, capacity 1056K, committed 1152K, reserved 1048576K
Event: 0.469 GC heap after
Heap after GC invocations=36 (full 0):
 def new generation   total 1152K, used 127K [0x00000000a2400000, 0x00000000a2540000, 0x00000000c1800000)
  eden space 1024K,   0% used [0x00000000a2400000, 0x00000000a2400000, 0x00000000a2500000)
  from space 128K,  99% used [0x00000000a2500000, 0x00000000a251fff0, 0x00000000a2520000)
  to   space 128K,   0% used [0x00000000a2520000, 0x00000000a2520000, 0x00000000a2540000)
 tenured generation   total 258816K, used 4327K [0x00000000c1800000, 0x00000000d14c0000, 0x0000000100000000)
   the space 258816K,   1% used [0x00000000c1800000, 0x00000000c1c39ff0, 0x00000000c1c3a000, 0x00000000d14c0000)
 Metaspace       used 8390K, capacity 8608K, committed 8832K, reserved 1056768K
  class space    used 983K, capacity 1056K, committed 1152K, reserved 1048576K
}

