# JRE version: Java(TM) SE Runtime Environment (8.0_05-b13) (build 1.8.0_05-b13)
# Java VM: Java HotSpot(TM) 64-Bit Server VM (25.5-b02 mixed mode windows-amd64 compressed oops)
Heap:
 def new generation   total 1152K, used 1039K [0x00000000a2400000, 0x00000000a2540000, 0x00000000c1800000)
  eden space 1024K,  92% used [0x00000000a2400000, 0x00000000a24edc10, 0x00000000a2500000)
  from space 128K,  69% used [0x00000000a2500000, 0x00000000a2516178, 0x00000000a2520000)
  to   space 128K,   0% used [0x00000000a2520000, 0x00000000a2520018, 0x00000000a2540000)
 tenured generation   total 258816K, used 64249K [0x00000000c1800000, 0x00000000d14c0000, 0x0000000100000000)
   the space 258816K,  24% used [0x00000000c1800000, 0x00000000c56be420, 0x00000000c56be600, 0x00000000d14c0000)
 Metaspace       used 13226K, capacity 13548K, committed 13696K, reserved 1060864K
  class space    used 1499K, capacity 1586K, committed 1664K, reserved 1048576K
GC Heap History (10 events):
Event: 10.204 GC heap after
Heap after GC invocations=705 (full 0):
 def new generation   total 1152K, used 104K [0x00000000a2400000, 0x00000000a2540000, 0x00000000c1800000)
  eden space 1024K,   0% used [0x00000000a2400000, 0x00000000a2400000, 0x00000000a2500000)
  from space 128K,  81% used [0x00000000a2520000, 0x00000000a253a210, 0x00000000a2540000)
  to   space 128K,   0% used [0x00000000a2500000, 0x00000000a2500000, 0x00000000a2520000)
 tenured generation   total 258816K, used 62617K [0x00000000c1800000, 0x00000000d14c0000, 0x0000000100000000)
   the space 258816K,  24% used [0x00000000c1800000, 0x00000000c5526480, 0x00000000c5526600, 0x00000000d14c0000)
 Metaspace       used 13225K, capacity 13548K, committed 13696K, reserved 1060864K
  class space    used 1499K, capacity 1586K, committed 1664K, reserved 1048576K
}
Event: 10.205 GC heap before
{Heap before GC invocations=705 (full 0):
 def new generation   total 1152K, used 1128K [0x00000000a2400000, 0x00000000a2540000, 0x00000000c1800000)
  eden space 1024K, 100% used [0x00000000a2400000, 0x00000000a2500000, 0x00000000a2500000)
  from space 128K,  81% used [0x00000000a2520000, 0x00000000a253a210, 0x00000000a2540000)
  to   space 128K,   0% used [0x00000000a2500000, 0x00000000a2500000, 0x00000000a2520000)
 tenured generation   total 258816K, used 62617K [0x00000000c1800000, 0x00000000d14c0000, 0x0000000100000000)
   the space 258816K,  24% used [0x00000000c1800000, 0x00000000c5526480, 0x00000000c5526600, 0x00000000d14c0000)
 Metaspace       used 13225K, capacity 13548K, committed 13696K, reserved 1060864K
  class space    used 1499K, capacity 1586K, committed 1664K, reserved 1048576K
Event: 10.205 GC heap after
Heap after GC invocations=706 (full 0):
 def new generation   total 1152K, used 111K [0x00000000a2400000, 0x00000000a2540000, 0x00000000c1800000)
  eden space 1024K,   0% used [0x00000000a2400000, 0x00000000a2400000, 0x00000000a2500000)
  from space 128K,  87% used [0x00000000a2500000, 0x00000000a251be48, 0x00000000a2520000)
  to   space 128K,   0% used [0x00000000a2520000, 0x00000000a2520000, 0x00000000a2540000)
 tenured generation   total 258816K, used 62668K [0x00000000c1800000, 0x00000000d14c0000, 0x0000000100000000)
   the space 258816K,  24% used [0x00000000c1800000, 0x00000000c55332e0, 0x00000000c5533400, 0x00000000d14c0000)
 Metaspace       used 13225K, capacity 13548K, committed 13696K, reserved 1060864K
  class space    used 1499K, capacity 1586K, committed 1664K, reserved 1048576K
}
Event: 10.206 GC heap before
{Heap before GC invocations=706 (full 0):
 def new generation   total 1152K, used 1135K [0x00000000a2400000, 0x00000000a2540000, 0x00000000c1800000)
  eden space 1024K, 100% used [0x00000000a2400000, 0x00000000a2500000, 0x00000000a2500000)
  from space 128K,  87% used [0x00000000a2500000, 0x00000000a251be48, 0x00000000a2520000)
  to   space 128K,   0% used [0x00000000a2520000, 0x00000000a2520000, 0x00000000a2540000)
 tenured generation   total 258816K, used 62668K [0x00000000c1800000, 0x00000000d14c0000, 0x0000000100000000)
   the space 258816K,  24% used [0x00000000c1800000, 0x00000000c55332e0, 0x00000000c5533400, 0x00000000d14c0000)
 Metaspace       used 13225K, capacity 13548K, committed 13696K, reserved 1060864K
  class space    used 1499K, capacity 1586K, committed 1664K, reserved 1048576K
Event: 10.207 GC heap after
Heap after GC invocations=707 (full 0):
 def new generation   total 1152K, used 110K [0x00000000a2400000, 0x00000000a2540000, 0x00000000c1800000)
  eden space 1024K,   0% used [0x00000000a2400000, 0x00000000a2400000, 0x00000000a2500000)
  from space 128K,  86% used [0x00000000a2520000, 0x00000000a253bb28, 0x00000000a2540000)
  to   space 128K,   0% used [0x00000000a2500000, 0x00000000a2500000, 0x00000000a2520000)
 tenured generation   total 258816K, used 62721K [0x00000000c1800000, 0x00000000d14c0000, 0x0000000100000000)
   the space 258816K,  24% used [0x00000000c1800000, 0x00000000c55404c8, 0x00000000c5540600, 0x00000000d14c0000)
 Metaspace       used 13225K, capacity 13548K, committed 13696K, reserved 1060864K
  class space    used 1499K, capacity 1586K, committed 1664K, reserved 1048576K
}
Event: 10.207 GC heap before
{Heap before GC invocations=707 (full 0):
 def new generation   total 1152K, used 1134K [0x00000000a2400000, 0x00000000a2540000, 0x00000000c1800000)
  eden space 1024K, 100% used [0x00000000a2400000, 0x00000000a2500000, 0x00000000a2500000)
  from space 128K,  86% used [0x00000000a2520000, 0x00000000a253bb28, 0x00000000a2540000)
  to   space 128K,   0% used [0x00000000a2500000, 0x00000000a2500000, 0x00000000a2520000)
 tenured generation   total 258816K, used 62721K [0x00000000c1800000, 0x00000000d14c0000, 0x0000000100000000)
   the space 258816K,  24% used [0x00000000c1800000, 0x00000000c55404c8, 0x00000000c5540600, 0x00000000d14c0000)
 Metaspace       used 13225K, capacity 13548K, committed 13696K, reserved 1060864K
  class space    used 1499K, capacity 1586K, committed 1664K, reserved 1048576K
Event: 10.208 GC heap after
Heap after GC invocations=708 (full 0):
 def new generation   total 1152K, used 105K [0x00000000a2400000, 0x00000000a2540000, 0x00000000c1800000)
  eden space 1024K,   0% used [0x00000000a2400000, 0x00000000a2400000, 0x00000000a2500000)
  from space 128K,  82% used [0x00000000a2500000, 0x00000000a251a760, 0x00000000a2520000)
  to   space 128K,   0% used [0x00000000a2520000, 0x00000000a2520000, 0x00000000a2540000)
 tenured generation   total 258816K, used 62779K [0x00000000c1800000, 0x00000000d14c0000, 0x0000000100000000)
   the space 258816K,  24% used [0x00000000c1800000, 0x00000000c554ef60, 0x00000000c554f000, 0x00000000d14c0000)
 Metaspace       used 13225K, capacity 13548K, committed 13696K, reserved 1060864K
  class space    used 1499K, capacity 1586K, committed 1664K, reserved 1048576K
}
Event: 10.209 GC heap before
{Heap before GC invocations=708 (full 0):
 def new generation   total 1152K, used 1129K [0x00000000a2400000, 0x00000000a2540000, 0x00000000c1800000)
  eden space 1024K, 100% used [0x00000000a2400000, 0x00000000a2500000, 0x00000000a2500000)
  from space 128K,  82% used [0x00000000a2500000, 0x00000000a251a760, 0x00000000a2520000)
  to   space 128K,   0% used [0x00000000a2520000, 0x00000000a2520000, 0x00000000a2540000)
 tenured generation   total 258816K, used 62779K [0x00000000c1800000, 0x00000000d14c0000, 0x0000000100000000)
   the space 258816K,  24% used [0x00000000c1800000, 0x00000000c554ef60, 0x00000000c554f000, 0x00000000d14c0000)
 Metaspace       used 13225K, capacity 13548K, committed 13696K, reserved 1060864K
  class space    used 1499K, capacity 1586K, committed 1664K, reserved 1048576K
Event: 10.209 GC heap after
Heap after GC invocations=709 (full 0):
 def new generation   total 1152K, used 105K [0x00000000a2400000, 0x00000000a2540000, 0x00000000c1800000)
  eden space 1024K,   0% used [0x00000000a2400000, 0x00000000a2400000, 0x00000000a2500000)
  from space 128K,  82% used [0x00000000a2520000, 0x00000000a253a5b0, 0x00000000a2540000)
  to   space 128K,   0% used [0x00000000a2500000, 0x00000000a2500000, 0x00000000a2520000)
 tenured generation   total 258816K, used 62831K [0x00000000c1800000, 0x00000000d14c0000, 0x0000000100000000)
   the space 258816K,  24% used [0x00000000c1800000, 0x00000000c555bea0, 0x00000000c555c000, 0x00000000d14c0000)
 Metaspace       used 13225K, capacity 13548K, committed 13696K, reserved 1060864K
  class space    used 1499K, capacity 1586K, committed 1664K, reserved 1048576K
}
Event: 10.210 GC heap before
{Heap before GC invocations=709 (full 0):
 def new generation   total 1152K, used 1129K [0x00000000a2400000, 0x00000000a2540000, 0x00000000c1800000)
  eden space 1024K, 100% used [0x00000000a2400000, 0x00000000a2500000, 0x00000000a2500000)
  from space 128K,  82% used [0x00000000a2520000, 0x00000000a253a5b0, 0x00000000a2540000)
  to   space 128K,   0% used [0x00000000a2500000, 0x00000000a2500000, 0x00000000a2520000)
 tenured generation   total 258816K, used 62831K [0x00000000c1800000, 0x00000000d14c0000, 0x0000000100000000)
   the space 258816K,  24% used [0x00000000c1800000, 0x00000000c555bea0, 0x00000000c555c000, 0x00000000d14c0000)
 Metaspace       used 13225K, capacity 13548K, committed 13696K, reserved 1060864K
  class space    used 1499K, capacity 1586K, committed 1664K, reserved 1048576K

